<?xml version="1.0" encoding="UTF-8"?>
<testng-results ignored="0" total="13" passed="13" failed="0" skipped="0">
  <reporter-output>
  </reporter-output>
  <suite started-at="2025-08-18T19:29:15 IST" name="Default suite" finished-at="2025-08-18T19:30:12 IST" duration-ms="56374">
    <groups>
      <group name="cucumber">
        <method signature="AbstractTestNGCucumberTests.runScenario(io.cucumber.testng.PickleWrapper,io.cucumber.testng.FeatureWrapper)[pri:0, instance:runner.MyRunner@2a3b5b47]" name="runScenario" class="io.cucumber.testng.AbstractTestNGCucumberTests"/>
      </group> <!-- cucumber -->
    </groups>
    <test started-at="2025-08-18T19:29:15 IST" name="Default test" finished-at="2025-08-18T19:30:12 IST" duration-ms="56374">
      <class name="runner.MyRunner">
        <test-method is-config="true" signature="setUpClass(org.testng.ITestContext)[pri:0, instance:runner.MyRunner@2a3b5b47]" started-at="2025-08-18T19:29:15 IST" name="setUpClass" finished-at="2025-08-18T19:29:16 IST" duration-ms="637" status="PASS">
          <params>
            <param index="0">
              <value>
                <![CDATA[org.testng.TestRunner@295f2d1b]]>
              </value>
            </param>
          </params>
          <reporter-output>
          </reporter-output>
        </test-method> <!-- setUpClass -->
        <test-method signature="runScenario(io.cucumber.testng.PickleWrapper,io.cucumber.testng.FeatureWrapper)[pri:0, instance:runner.MyRunner@2a3b5b47]" started-at="2025-08-18T19:29:16 IST" name="runScenario" description="Runs Cucumber Scenarios" data-provider="scenarios" finished-at="2025-08-18T19:29:22 IST" duration-ms="6552" status="PASS">
          <params>
            <param index="0">
              <value>
                <![CDATA["Login with valid credentials"]]>
              </value>
            </param>
            <param index="1">
              <value>
                <![CDATA["User Login"]]>
              </value>
            </param>
          </params>
          <reporter-output>
          </reporter-output>
        </test-method> <!-- runScenario -->
        <test-method signature="runScenario(io.cucumber.testng.PickleWrapper,io.cucumber.testng.FeatureWrapper)[pri:0, instance:runner.MyRunner@2a3b5b47]" started-at="2025-08-18T19:29:22 IST" name="runScenario" description="Runs Cucumber Scenarios" data-provider="scenarios" finished-at="2025-08-18T19:29:27 IST" duration-ms="4111" status="PASS">
          <params>
            <param index="0">
              <value>
                <![CDATA["Login with valid credentials"]]>
              </value>
            </param>
            <param index="1">
              <value>
                <![CDATA["User Login"]]>
              </value>
            </param>
          </params>
          <reporter-output>
          </reporter-output>
        </test-method> <!-- runScenario -->
        <test-method signature="runScenario(io.cucumber.testng.PickleWrapper,io.cucumber.testng.FeatureWrapper)[pri:0, instance:runner.MyRunner@2a3b5b47]" started-at="2025-08-18T19:29:27 IST" name="runScenario" description="Runs Cucumber Scenarios" data-provider="scenarios" finished-at="2025-08-18T19:29:30 IST" duration-ms="3872" status="PASS">
          <params>
            <param index="0">
              <value>
                <![CDATA["Login with valid credentials"]]>
              </value>
            </param>
            <param index="1">
              <value>
                <![CDATA["User Login"]]>
              </value>
            </param>
          </params>
          <reporter-output>
          </reporter-output>
        </test-method> <!-- runScenario -->
        <test-method signature="runScenario(io.cucumber.testng.PickleWrapper,io.cucumber.testng.FeatureWrapper)[pri:0, instance:runner.MyRunner@2a3b5b47]" started-at="2025-08-18T19:29:30 IST" name="runScenario" description="Runs Cucumber Scenarios" data-provider="scenarios" finished-at="2025-08-18T19:29:34 IST" duration-ms="3595" status="PASS">
          <params>
            <param index="0">
              <value>
                <![CDATA["Login with invalid credentials"]]>
              </value>
            </param>
            <param index="1">
              <value>
                <![CDATA["User Login"]]>
              </value>
            </param>
          </params>
          <reporter-output>
          </reporter-output>
        </test-method> <!-- runScenario -->
        <test-method signature="runScenario(io.cucumber.testng.PickleWrapper,io.cucumber.testng.FeatureWrapper)[pri:0, instance:runner.MyRunner@2a3b5b47]" started-at="2025-08-18T19:29:34 IST" name="runScenario" description="Runs Cucumber Scenarios" data-provider="scenarios" finished-at="2025-08-18T19:29:38 IST" duration-ms="3699" status="PASS">
          <params>
            <param index="0">
              <value>
                <![CDATA[""]]>
              </value>
            </param>
            <param index="1">
              <value>
                <![CDATA["User Login"]]>
              </value>
            </param>
          </params>
          <reporter-output>
          </reporter-output>
        </test-method> <!-- runScenario -->
        <test-method signature="runScenario(io.cucumber.testng.PickleWrapper,io.cucumber.testng.FeatureWrapper)[pri:0, instance:runner.MyRunner@2a3b5b47]" started-at="2025-08-18T19:29:38 IST" name="runScenario" description="Runs Cucumber Scenarios" data-provider="scenarios" finished-at="2025-08-18T19:29:41 IST" duration-ms="3692" status="PASS">
          <params>
            <param index="0">
              <value>
                <![CDATA[""]]>
              </value>
            </param>
            <param index="1">
              <value>
                <![CDATA["User Login"]]>
              </value>
            </param>
          </params>
          <reporter-output>
          </reporter-output>
        </test-method> <!-- runScenario -->
        <test-method signature="runScenario(io.cucumber.testng.PickleWrapper,io.cucumber.testng.FeatureWrapper)[pri:0, instance:runner.MyRunner@2a3b5b47]" started-at="2025-08-18T19:29:41 IST" name="runScenario" description="Runs Cucumber Scenarios" data-provider="scenarios" finished-at="2025-08-18T19:29:45 IST" duration-ms="3729" status="PASS">
          <params>
            <param index="0">
              <value>
                <![CDATA[""]]>
              </value>
            </param>
            <param index="1">
              <value>
                <![CDATA["User Login"]]>
              </value>
            </param>
          </params>
          <reporter-output>
          </reporter-output>
        </test-method> <!-- runScenario -->
        <test-method signature="runScenario(io.cucumber.testng.PickleWrapper,io.cucumber.testng.FeatureWrapper)[pri:0, instance:runner.MyRunner@2a3b5b47]" started-at="2025-08-18T19:29:45 IST" name="runScenario" description="Runs Cucumber Scenarios" data-provider="scenarios" finished-at="2025-08-18T19:29:50 IST" duration-ms="4862" status="PASS">
          <params>
            <param index="0">
              <value>
                <![CDATA[""]]>
              </value>
            </param>
            <param index="1">
              <value>
                <![CDATA["Register Functionality"]]>
              </value>
            </param>
          </params>
          <reporter-output>
          </reporter-output>
        </test-method> <!-- runScenario -->
        <test-method signature="runScenario(io.cucumber.testng.PickleWrapper,io.cucumber.testng.FeatureWrapper)[pri:0, instance:runner.MyRunner@2a3b5b47]" started-at="2025-08-18T19:29:50 IST" name="runScenario" description="Runs Cucumber Scenarios" data-provider="scenarios" finished-at="2025-08-18T19:29:55 IST" duration-ms="4526" status="PASS">
          <params>
            <param index="0">
              <value>
                <![CDATA[""]]>
              </value>
            </param>
            <param index="1">
              <value>
                <![CDATA["Register Functionality"]]>
              </value>
            </param>
          </params>
          <reporter-output>
          </reporter-output>
        </test-method> <!-- runScenario -->
        <test-method signature="runScenario(io.cucumber.testng.PickleWrapper,io.cucumber.testng.FeatureWrapper)[pri:0, instance:runner.MyRunner@2a3b5b47]" started-at="2025-08-18T19:29:55 IST" name="runScenario" description="Runs Cucumber Scenarios" data-provider="scenarios" finished-at="2025-08-18T19:29:59 IST" duration-ms="4163" status="PASS">
          <params>
            <param index="0">
              <value>
                <![CDATA[""]]>
              </value>
            </param>
            <param index="1">
              <value>
                <![CDATA["Register Functionality"]]>
              </value>
            </param>
          </params>
          <reporter-output>
          </reporter-output>
        </test-method> <!-- runScenario -->
        <test-method signature="runScenario(io.cucumber.testng.PickleWrapper,io.cucumber.testng.FeatureWrapper)[pri:0, instance:runner.MyRunner@2a3b5b47]" started-at="2025-08-18T19:29:59 IST" name="runScenario" description="Runs Cucumber Scenarios" data-provider="scenarios" finished-at="2025-08-18T19:30:02 IST" duration-ms="3428" status="PASS">
          <params>
            <param index="0">
              <value>
                <![CDATA[""]]>
              </value>
            </param>
            <param index="1">
              <value>
                <![CDATA["Search Functionality"]]>
              </value>
            </param>
          </params>
          <reporter-output>
          </reporter-output>
        </test-method> <!-- runScenario -->
        <test-method signature="runScenario(io.cucumber.testng.PickleWrapper,io.cucumber.testng.FeatureWrapper)[pri:0, instance:runner.MyRunner@2a3b5b47]" started-at="2025-08-18T19:30:02 IST" name="runScenario" description="Runs Cucumber Scenarios" data-provider="scenarios" finished-at="2025-08-18T19:30:08 IST" duration-ms="5941" status="PASS">
          <params>
            <param index="0">
              <value>
                <![CDATA[""]]>
              </value>
            </param>
            <param index="1">
              <value>
                <![CDATA["Search Functionality"]]>
              </value>
            </param>
          </params>
          <reporter-output>
          </reporter-output>
        </test-method> <!-- runScenario -->
        <test-method signature="runScenario(io.cucumber.testng.PickleWrapper,io.cucumber.testng.FeatureWrapper)[pri:0, instance:runner.MyRunner@2a3b5b47]" started-at="2025-08-18T19:30:08 IST" name="runScenario" description="Runs Cucumber Scenarios" data-provider="scenarios" finished-at="2025-08-18T19:30:12 IST" duration-ms="3483" status="PASS">
          <params>
            <param index="0">
              <value>
                <![CDATA[""]]>
              </value>
            </param>
            <param index="1">
              <value>
                <![CDATA["Search Functionality"]]>
              </value>
            </param>
          </params>
          <reporter-output>
          </reporter-output>
        </test-method> <!-- runScenario -->
        <test-method is-config="true" signature="tearDownClass()[pri:0, instance:runner.MyRunner@2a3b5b47]" started-at="2025-08-18T19:30:12 IST" name="tearDownClass" finished-at="2025-08-18T19:30:12 IST" duration-ms="22" status="PASS">
          <reporter-output>
          </reporter-output>
        </test-method> <!-- tearDownClass -->
      </class> <!-- runner.MyRunner -->
    </test> <!-- Default test -->
  </suite> <!-- Default suite -->
</testng-results>
